<?xml version="1.0" encoding="UTF-8"?>
<!-- Generated by org.testng.reporters.JUnitXMLReporter -->
<testsuite hostname="RPC060" ignored="0" name="Chrome Test" tests="2" failures="0" timestamp="24 Jan 2018 11:04:48 GMT" time="16.169" errors="0">
  <testcase name="@BeforeTest openBrowser" time="16.138" classname="com.qa.testing.practice.Parallel">
    <failure type="java.lang.IllegalStateException" message="The driver executable does not exist: D:\SmartPoint_Sudhahar\AutomationVerzion_Build\Automation2018\com.qa.testing\.\driver\chromedriver.exe">
      <![CDATA[java.lang.IllegalStateException: The driver executable does not exist: D:\SmartPoint_Sudhahar\AutomationVerzion_Build\Automation2018\com.qa.testing\.\driver\chromedriver.exeat com.google.common.base.Preconditions.checkState(Preconditions.java:534)at org.openqa.selenium.remote.service.DriverService.checkExecutable(DriverService.java:136)at org.openqa.selenium.remote.service.DriverService.findExecutable(DriverService.java:131)at org.openqa.selenium.chrome.ChromeDriverService.access$000(ChromeDriverService.java:32)at org.openqa.selenium.chrome.ChromeDriverService$Builder.findDefaultExecutable(ChromeDriverService.java:137)at org.openqa.selenium.remote.service.DriverService$Builder.build(DriverService.java:339)at org.openqa.selenium.chrome.ChromeDriverService.createDefaultService(ChromeDriverService.java:88)at org.openqa.selenium.chrome.ChromeDriver.<init>(ChromeDriver.java:123)at com.qa.testing.practice.Parallel.openBrowser(Parallel.java:32)... Removed 24 stack frames]]>
    </failure>
  </testcase> <!-- @BeforeTest openBrowser -->
  <testcase name="@AfterTest closeBrowser" time="0.0" classname="com.qa.testing.practice.Parallel">
    <skipped/>
  </testcase> <!-- @AfterTest closeBrowser -->
  <testcase name="login_TestCase" time="0.0" classname="com.qa.testing.practice.Parallel">
    <skipped/>
  </testcase> <!-- login_TestCase -->
  <testcase name="search_TestCase" time="0.0" classname="com.qa.testing.practice.Parallel">
    <skipped/>
  </testcase> <!-- search_TestCase -->
</testsuite> <!-- Chrome Test -->
