<?xml version="1.0" encoding="UTF-8"?>
<!-- Generated by org.testng.reporters.JUnitXMLReporter -->
<testsuite hostname="RPC060" ignored="0" name="Test" tests="2" failures="0" timestamp="24 Jan 2018 10:59:46 GMT" time="0.035" errors="0">
  <testcase name="@BeforeTest openBrowser" time="0.0" classname="com.qa.testing.practice.Parallel">
    <failure type="org.testng.TestNGException" message="
Parameter &amp;apos;browser&amp;apos; is required by BeforeTest on method openBrowser but has not been marked @Optional or defined
in D:\SmartPoint_Sudhahar\AutomationVerzion_Build\Automation2018\com.qa.testing\testng.xml">
      <![CDATA[org.testng.TestNGException: Parameter 'browser' is required by BeforeTest on method openBrowser but has not been marked @Optional or definedin D:\SmartPoint_Sudhahar\AutomationVerzion_Build\Automation2018\com.qa.testing\testng.xml... Removed 21 stack frames]]>
    </failure>
  </testcase> <!-- @BeforeTest openBrowser -->
  <testcase name="@AfterTest closeBrowser" time="0.0" classname="com.qa.testing.practice.Parallel">
    <skipped/>
  </testcase> <!-- @AfterTest closeBrowser -->
  <testcase name="login_TestCase" time="0.0" classname="com.qa.testing.practice.Parallel">
    <skipped/>
  </testcase> <!-- login_TestCase -->
  <testcase name="search_TestCase" time="0.0" classname="com.qa.testing.practice.Parallel">
    <skipped/>
  </testcase> <!-- search_TestCase -->
</testsuite> <!-- Test -->
